<?xml version="1.0" encoding="UTF-8"?>
<testng-results ignored="0" total="1" passed="1" failed="0" skipped="0">
  <reporter-output>
  </reporter-output>
  <suite started-at="2024-02-24T23:58:36 IST" name="Default suite" finished-at="2024-02-24T23:58:36 IST" duration-ms="378">
    <groups>
    </groups>
    <test started-at="2024-02-24T23:58:36 IST" name="Default test" finished-at="2024-02-24T23:58:36 IST" duration-ms="378">
      <class name="Basic.TestLogin">
        <test-method is-config="true" signature="suit()[pri:0, instance:Basic.TestLogin@3023df74]" started-at="2024-02-24T23:58:34 IST" name="suit" finished-at="2024-02-24T23:58:36 IST" duration-ms="1628" status="PASS">
          <reporter-output>
          </reporter-output>
        </test-method> <!-- suit -->
        <test-method is-config="true" signature="locateElement()[pri:0, instance:Basic.TestLogin@3023df74]" started-at="2024-02-24T23:58:36 IST" name="locateElement" finished-at="2024-02-24T23:58:36 IST" duration-ms="25" status="PASS">
          <reporter-output>
          </reporter-output>
        </test-method> <!-- locateElement -->
        <test-method signature="doLogin()[pri:0, instance:Basic.TestLogin@3023df74]" started-at="2024-02-24T23:58:36 IST" name="doLogin" finished-at="2024-02-24T23:58:36 IST" duration-ms="327" status="PASS">
          <reporter-output>
          </reporter-output>
        </test-method> <!-- doLogin -->
        <test-method is-config="true" signature="doAssert()[pri:0, instance:Basic.TestLogin@3023df74]" started-at="2024-02-24T23:58:36 IST" name="doAssert" finished-at="2024-02-24T23:58:36 IST" duration-ms="8" status="PASS">
          <reporter-output>
          </reporter-output>
        </test-method> <!-- doAssert -->
        <test-method is-config="true" signature="close()[pri:0, instance:Basic.TestLogin@3023df74]" started-at="2024-02-24T23:58:36 IST" name="close" finished-at="2024-02-24T23:58:36 IST" duration-ms="81" status="PASS">
          <reporter-output>
          </reporter-output>
        </test-method> <!-- close -->
      </class> <!-- Basic.TestLogin -->
    </test> <!-- Default test -->
  </suite> <!-- Default suite -->
</testng-results>
